<?xml version="1.0" encoding="UTF-8"?>
<!-- Generated by org.testng.reporters.JUnitReportReporter -->
<testsuite skipped="0" hostname="DESKTOP-L5HV6AU" name="demo.Demo1" tests="1" failures="0" timestamp="2020-05-13T09:29:38 CDT" time="5.550" errors="0">
  <testcase name="titletest" time="5.550" classname="demo.Demo1"/>
</testsuite> <!-- demo.Demo1 -->
