<?xml version="1.0" encoding="UTF-8"?>
<!-- Generated by org.testng.reporters.JUnitReportReporter -->
<testsuite skipped="0" hostname="DESKTOP-L5HV6AU" name="demo.Demo2" tests="1" failures="0" timestamp="2020-05-13T09:29:38 CDT" time="6.293" errors="0">
  <testcase name="titletest" time="6.293" classname="demo.Demo2"/>
</testsuite> <!-- demo.Demo2 -->
