<?xml version="1.0" encoding="UTF-8"?>
<!-- Generated by org.testng.reporters.JUnitReportReporter -->
<testsuite skipped="0" hostname="DESKTOP-L5HV6AU" name="demo.Demo1Test" tests="1" failures="0" timestamp="2020-05-13T21:44:33 CDT" time="8.706" errors="0">
  <testcase name="titletest" time="8.706" classname="demo.Demo1Test"/>
</testsuite> <!-- demo.Demo1Test -->
